<?xml version="1.0" encoding="UTF-8"?>
<!-- Generated by org.testng.reporters.JUnitReportReporter -->
<testsuite skipped="0" hostname="RAGHAVENDRA" name="RestUtils.Generic1" tests="1" failures="0" timestamp="10 Oct 2019 13:25:31 GMT" time="1.983" errors="0">
  <testcase name="GetM" time="1.983" classname="RestUtils.Generic1"/>
</testsuite> <!-- RestUtils.Generic1 -->
